0 info it worked if it ends with ok
1 verbose cli [ 'H:\\Program Files\\nodejs\\node.exe',
1 verbose cli   'C:\\Users\\Ted\\AppData\\Roaming\\npm\\node_modules\\npm\\bin\\npm-cli.js',
1 verbose cli   'install',
1 verbose cli   '--save',
1 verbose cli   'angular-animate' ]
2 info using npm@3.8.9
3 info using node@v4.4.4
4 silly loadCurrentTree Starting
5 silly install loadCurrentTree
6 silly install readLocalPackageData
7 silly rollbackFailedOptional Starting
8 silly rollbackFailedOptional Finishing
9 silly runTopLevelLifecycles Starting
10 silly runTopLevelLifecycles Finishing
11 silly install printInstalled
12 verbose stack Error: Failed to parse json
12 verbose stack Trailing comma in object at 23:3
12 verbose stack   }
12 verbose stack   ^
12 verbose stack     at parseError (C:\Users\Ted\AppData\Roaming\npm\node_modules\npm\node_modules\read-package-json\read-json.js:390:11)
12 verbose stack     at parseJson (C:\Users\Ted\AppData\Roaming\npm\node_modules\npm\node_modules\read-package-json\read-json.js:79:23)
12 verbose stack     at C:\Users\Ted\AppData\Roaming\npm\node_modules\npm\node_modules\read-package-json\read-json.js:48:5
12 verbose stack     at C:\Users\Ted\AppData\Roaming\npm\node_modules\npm\node_modules\graceful-fs\graceful-fs.js:78:16
12 verbose stack     at FSReqWrap.readFileAfterClose [as oncomplete] (fs.js:380:3)
13 verbose cwd H:\Website Project\New Node
14 error Windows_NT 10.0.10586
15 error argv "H:\\Program Files\\nodejs\\node.exe" "C:\\Users\\Ted\\AppData\\Roaming\\npm\\node_modules\\npm\\bin\\npm-cli.js" "install" "--save" "angular-animate"
16 error node v4.4.4
17 error npm  v3.8.9
18 error file H:\Website Project\New Node\package.json
19 error code EJSONPARSE
20 error Failed to parse json
20 error Trailing comma in object at 23:3
20 error   }
20 error   ^
21 error File: H:\Website Project\New Node\package.json
22 error Failed to parse package.json data.
22 error package.json must be actual JSON, not just JavaScript.
22 error
22 error This is not a bug in npm.
22 error Tell the package author to fix their package.json file. JSON.parse
23 verbose exit [ 1, true ]
